<?xml version="1.0" encoding="UTF-8"?>
<!-- Generated by org.testng.reporters.JUnitXMLReporter -->
<testsuite ignored="1" hostname="Kirthis-MacBook-Pro.local" failures="1" tests="1" name="Default test(failed)" time="2.637" errors="0" timestamp="2021-09-30T15:55:36 PDT">
  <testcase classname="com.training.test.login.LoginTest" name="LoginErrorMessage1" time="0.026">
    <failure type="java.lang.IllegalArgumentException" message="Keys to send should be a not null CharSequence">
      <![CDATA[java.lang.IllegalArgumentException: Keys to send should be a not null CharSequence
at org.openqa.selenium.remote.RemoteWebElement.sendKeys(RemoteWebElement.java:97)
at org.openqa.selenium.support.pagefactory.internal.LocatingElementHandler.invoke(LocatingElementHandler.java:51)
at jdk.proxy2/jdk.proxy2.$Proxy12.sendKeys(Unknown Source)
at com.training.page.LoginPage.enterintoUsername(LoginPage.java:16)
at com.training.test.login.LoginTest.LoginErrorMessage1(LoginTest.java:32)
at java.base/java.util.ArrayList.forEach(ArrayList.java:1511)
... Removed 31 stack frames]]>
    </failure>
  </testcase> <!-- LoginErrorMessage1 -->
  <testcase classname="com.training.test.login.LoginTest" name="LoginToSalesforce2" time="0.0">
    <ignored/>
  </testcase> <!-- LoginToSalesforce2 -->
</testsuite> <!-- Default test(failed) -->
