<?xml version="1.0" encoding="UTF-8"?>
<!-- Generated by org.testng.reporters.JUnitXMLReporter -->
<testsuite ignored="4" hostname="Kirthis-MacBook-Pro.local" failures="0" tests="1" name="Default test" time="30.08" errors="0" timestamp="2021-10-11T16:15:07 PDT">
  <testcase classname="com.training.test.home.RandomScenariosTest" name="Blockingeventcalender" time="22.331"/>
  <testcase classname="com.training.test.home.RandomScenariosTest" name="TC_33" time="0.0">
    <ignored/>
  </testcase> <!-- TC_33 -->
  <testcase classname="com.training.test.home.RandomScenariosTest" name="Blockingcalenderweeklyrecurrance" time="0.0">
    <ignored/>
  </testcase> <!-- Blockingcalenderweeklyrecurrance -->
  <testcase classname="com.training.test.home.RandomScenariosTest" name="TC_35" time="0.0">
    <ignored/>
  </testcase> <!-- TC_35 -->
  <testcase classname="com.training.test.home.RandomScenariosTest" name="TC_34" time="0.0">
    <ignored/>
  </testcase> <!-- TC_34 -->
</testsuite> <!-- Default test -->
