<?xml version="1.0" encoding="UTF-8"?>
<!-- Generated by org.testng.reporters.JUnitXMLReporter -->
<testsuite ignored="0" hostname="Kirthis-MacBook-Pro.local" failures="0" tests="4" name="Test" time="46.799" errors="0" timestamp="2021-10-03T01:13:11 PDT">
  <testcase classname="com.training.test.login.LoginTest" name="Check_RemeberMe_3" time="13.554"/>
  <testcase classname="com.training.test.login.LoginTest" name="Forgot_Password_4_A" time="8.972"/>
  <testcase classname="com.training.test.login.LoginTest" name="LoginErrorMessage1" time="0.572"/>
  <testcase classname="com.training.test.login.LoginTest" name="LoginToSalesForce2" time="13.992"/>
</testsuite> <!-- Test -->
